[13:25:08.010] [Limpieza] [Ejecutar:recycle-bin] [Inicio]
[13:25:16.688] [Limpieza] [Finalizar:recycle-bin] [Papelera vaciada]
[17:31:29.321] [Limpieza] [Ejecutar:recycle-bin] [Inicio]
[17:31:30.100] [Limpieza] [Finalizar:recycle-bin] [Papelera vaciada]
[18:10:47.762] [Registry] [Aplicar:kbd-delay] [Inicio]
[18:10:47.768] [Registry] [Aplicar:kbd-delay] [OK]
[18:10:47.769] [Registry] [Aplicar:kbd-speed] [Inicio]
[18:10:47.769] [Registry] [Aplicar:kbd-speed] [OK]
[18:10:47.769] [Registry] [Aplicar:mouse-speed] [Inicio]
[18:10:47.770] [Registry] [Aplicar:mouse-speed] [OK]
[18:10:47.770] [Registry] [Aplicar:mouse-hover] [Inicio]
[18:10:47.770] [Registry] [Aplicar:mouse-hover] [OK]
[18:10:47.770] [Registry] [Aplicar:mouse-hover-height] [Inicio]
[18:10:47.770] [Registry] [Aplicar:mouse-hover-height] [OK]
[18:10:47.770] [Registry] [Aplicar:mouse-hover-width] [Inicio]
[18:10:47.770] [Registry] [Aplicar:mouse-hover-width] [OK]
[18:10:47.770] [Registry] [Aplicar:menu-show-delay] [Inicio]
[18:10:47.770] [Registry] [Aplicar:menu-show-delay] [OK]
[18:10:47.770] [Registry] [Aplicar:mouclass-queue] [Inicio]
[18:10:47.770] [Registry] [Aplicar:mouclass-queue] [Clave no encontrada - Saltando]
[18:10:47.770] [Registry] [Aplicar:kbdclass-queue] [Inicio]
[18:10:47.770] [Registry] [Aplicar:kbdclass-queue] [OK]
